#
# There is insufficient memory for the Java Runtime Environment to continue.
# Native memory allocation (malloc) failed to allocate 1048576 bytes for AllocateHeap
# Possible reasons:
#   The system is out of physical RAM or swap space
#   In 32 bit mode, the process size limit was hit
# Possible solutions:
#   Reduce memory load on the system
#   Increase physical memory or swap space
#   Check if swap backing store is full
#   Use 64 bit Java on a 64 bit OS
#   Decrease Java heap size (-Xmx/-Xms)
#   Decrease number of Java threads
#   Decrease Java thread stack sizes (-Xss)
#   Set larger code cache with -XX:ReservedCodeCacheSize=
# This output file may be truncated or incomplete.
#
#  Out of Memory Error (memory/allocation.inline.hpp:61), pid=8280, tid=0x00000000000023dc
#
# JRE version:  (8.0_111-b14) (build )
# Java VM: Java HotSpot(TM) 64-Bit Server VM (25.111-b14 mixed mode windows-amd64 compressed oops)
# Failed to write core dump. Minidumps are not enabled by default on client versions of Windows
#

---------------  T H R E A D  ---------------

Current thread (0x000000000232e000):  JavaThread "Unknown thread" [_thread_in_vm, id=9180, stack(0x0000000002370000,0x0000000002470000)]

Stack: [0x0000000002370000,0x0000000002470000]
[error occurred during error reporting (printing stack bounds), id 0xc0000005]

Native frames: (J=compiled Java code, j=interpreted, Vv=VM code, C=native code)


---------------  P R O C E S S  ---------------

Java Threads: ( => current thread )

Other Threads:

=>0x000000000232e000 (exited) JavaThread "Unknown thread" [_thread_in_vm, id=9180, stack(0x0000000002370000,0x0000000002470000)]

VM state:not at safepoint (normal execution)

VM Mutex/Monitor currently owned by a thread: None

Heap:
 PSYoungGen      total 38400K, used 665K [0x00000000d5d00000, 0x00000000d8780000, 0x0000000100000000)
  eden space 33280K, 2% used [0x00000000d5d00000,0x00000000d5da6670,0x00000000d7d80000)
  from space 5120K, 0% used [0x00000000d8280000,0x00000000d8280000,0x00000000d8780000)
  to   space 5120K, 0% used [0x00000000d7d80000,0x00000000d7d80000,0x00000000d8280000)
 ParOldGen       total 87552K, used 0K [0x0000000081600000, 0x0000000086b80000, 0x00000000d5d00000)
  object space 87552K, 0% used [0x0000000081600000,0x0000000081600000,0x0000000086b80000)
 Metaspace       used 752K, capacity 1092K, committed 1152K, reserved 1060864K
  class space    used 75K, capacity 384K, committed 384K, reserved 1048576K

Card table byte_map: [0x0000000011b00000,0x0000000011f00000] byte_map_base: 0x00000000116f5000

Marking Bits: (ParMarkBitMap*) 0x000000006371a6c0
 Begin Bits: [0x0000000012840000, 0x00000000147e8000)
 End Bits:   [0x00000000147e8000, 0x0000000016790000)

Polling page: 0x0000000000680000

CodeCache: size=245760Kb used=328Kb max_used=328Kb free=245431Kb
 bounds [0x0000000002740000, 0x00000000029b0000, 0x0000000011740000]
 total_blobs=58 nmethods=0 adapters=38
 compilation: enabled

Compilation events (0 events):
No events

GC Heap History (0 events):
No events

Deoptimization events (0 events):
No events

Internal exceptions (0 events):
No events

Events (10 events):
Event: 0.065 loading class java/lang/Short
Event: 0.065 loading class java/lang/Short done
Event: 0.065 loading class java/lang/Integer
Event: 0.065 loading class java/lang/Integer done
Event: 0.065 loading class java/lang/Long
Event: 0.065 loading class java/lang/Long done
Event: 0.066 loading class java/lang/NullPointerException
Event: 0.066 loading class java/lang/NullPointerException done
Event: 0.066 loading class java/lang/ArithmeticException
Event: 0.066 loading class java/lang/ArithmeticException done


Dynamic libraries:
0x000000013fc90000 - 0x000000013fcc7000 	C:\Program Files\Java\jre1.8.0_111\bin\javaw.exe
0x0000000077770000 - 0x000000007791a000 	C:\windows\SYSTEM32\ntdll.dll
0x0000000077550000 - 0x000000007766f000 	C:\windows\system32\kernel32.dll
0x000007fefd510000 - 0x000007fefd57a000 	C:\windows\system32\KERNELBASE.dll
0x0000000075150000 - 0x00000000751de000 	C:\windows\System32\SYSFER.DLL
0x000007feff9a0000 - 0x000007feffa7b000 	C:\windows\system32\ADVAPI32.dll
0x000007fefece0000 - 0x000007fefed7f000 	C:\windows\system32\msvcrt.dll
0x000007fefe9b0000 - 0x000007fefe9cf000 	C:\windows\SYSTEM32\sechost.dll
0x000007feff610000 - 0x000007feff73d000 	C:\windows\system32\RPCRT4.dll
0x000000005aff0000 - 0x000000005b341000 	C:\ProgramData\Symantec\Symantec Endpoint Protection\14.0.2332.0100.105\Data\Definitions\IPSDefs\20170428.021\IPSEng64.dll
0x0000000077670000 - 0x000000007776a000 	C:\windows\system32\USER32.dll
0x000007fefebd0000 - 0x000007fefec37000 	C:\windows\system32\GDI32.dll
0x000007feff8b0000 - 0x000007feff8be000 	C:\windows\system32\LPK.dll
0x000007fefd820000 - 0x000007fefd8ea000 	C:\windows\system32\USP10.dll
0x000007fefbe60000 - 0x000007fefc054000 	C:\windows\WinSxS\amd64_microsoft.windows.common-controls_6595b64144ccf1df_6.0.7601.18837_none_fa3b1e3d17594757\COMCTL32.dll
0x000007fefeef0000 - 0x000007fefef61000 	C:\windows\system32\SHLWAPI.dll
0x000007fefeec0000 - 0x000007fefeeee000 	C:\windows\system32\IMM32.DLL
0x000007feff740000 - 0x000007feff849000 	C:\windows\system32\MSCTF.dll
0x000000006cca0000 - 0x000000006cd72000 	C:\Program Files\Java\jre1.8.0_111\bin\msvcr100.dll
0x0000000062f00000 - 0x000000006379a000 	C:\Program Files\Java\jre1.8.0_111\bin\server\jvm.dll
0x000007fef6d60000 - 0x000007fef6d69000 	C:\windows\system32\WSOCK32.dll
0x000007feff5c0000 - 0x000007feff60d000 	C:\windows\system32\WS2_32.dll
0x000007feff5b0000 - 0x000007feff5b8000 	C:\windows\system32\NSI.dll
0x000007fefb110000 - 0x000007fefb14b000 	C:\windows\system32\WINMM.dll
0x000007fefc4f0000 - 0x000007fefc4fc000 	C:\windows\system32\VERSION.dll
0x0000000077930000 - 0x0000000077937000 	C:\windows\system32\PSAPI.DLL
0x0000000070410000 - 0x000000007041f000 	C:\Program Files\Java\jre1.8.0_111\bin\verify.dll
0x0000000062ed0000 - 0x0000000062ef9000 	C:\Program Files\Java\jre1.8.0_111\bin\java.dll
0x0000000062eb0000 - 0x0000000062ec6000 	C:\Program Files\Java\jre1.8.0_111\bin\zip.dll

VM Arguments:
jvm_args: -Dfile.encoding=Cp1252 
java_command: projects.PalindromeTester
java_class_path (initial): C:\Users\wildcat\workspace\Lab4\bin
Launcher Type: SUN_STANDARD

Environment Variables:
PATH=C:/Program Files/Java/jre1.8.0_111/bin/server;C:/Program Files/Java/jre1.8.0_111/bin;C:/Program Files/Java/jre1.8.0_111/lib/amd64;C:\Program Files\Common Files\Microsoft Shared\Windows Live;C:\Program Files (x86)\Common Files\Microsoft Shared\Windows Live;C:\ProgramData\Oracle\Java\javapath;C:\Program Files\Dell\DW WLAN Card;C:\windows\system32;C:\windows;C:\windows\System32\Wbem;C:\windows\System32\WindowsPowerShell\v1.0\;C:\Program Files (x86)\Common Files\Roxio Shared\DLLShared\;C:\windows\System32\WindowsPowerShell\v1.0\;C:\Program Files\MATLAB\R2016a\runtime\win64;C:\Program Files\MATLAB\R2016a\bin;C:\Program Files (x86)\QuickTime\QTSystem\;C:\Program Files (x86)\Windows Live\Shared;C:\Program Files (x86)\PharosSystems\Core;C:\Program Files\Java\jdk1.8.0_111\bin;C:\windows\system32;
USERNAME=wildcat
OS=Windows_NT
PROCESSOR_IDENTIFIER=Intel64 Family 6 Model 60 Stepping 3, GenuineIntel



---------------  S Y S T E M  ---------------

OS: Windows 7 , 64 bit Build 7601 (6.1.7601.23714)

CPU:total 4 (2 cores per cpu, 2 threads per core) family 6 model 60 stepping 3, cmov, cx8, fxsr, mmx, sse, sse2, sse3, ssse3, sse4.1, sse4.2, popcnt, avx, avx2, aes, clmul, erms, rtm, lzcnt, ht, tsc, tscinvbit, bmi1, bmi2

Memory: 4k page, physical 8291880k(3225500k free), swap 10387172k(5592k free)

vm_info: Java HotSpot(TM) 64-Bit Server VM (25.111-b14) for windows-amd64 JRE (1.8.0_111-b14), built on Sep 22 2016 19:24:05 by "java_re" with MS VC++ 10.0 (VS2010)

time: Mon May 01 13:14:27 2017
elapsed time: 0 seconds (0d 0h 0m 0s)

